2025-03-29 19:24:15,849 [ERROR] ❌ Main process error: [Errno 2] No such file or directory: '/root/Audit/openchain/data/contract_addresses.txt'
2025-03-29 19:25:00,164 [ERROR] ❌ Main process error: [Errno 2] No such file or directory: '/root/Audit/openchain/./data/contract_addresses.txt'
2025-03-29 19:27:48,536 [ERROR] ❌ Error at block=0x6b0baed09bda0b1bf3f659155fe60b4a99e60d37422245edaf7b05811bdee9e2 tx=0xdAC17F958D2ee523a2206206994597C13D831ec7: Failed to get ABI for contract 120000
2025-03-29 19:27:50,081 [ERROR] ❌ Error at block=0x6aa06f2e5b433a69db2734f299f8cdb35c0bae0b41c67a88b2e5cd9c7ec81528 tx=0xdAC17F958D2ee523a2206206994597C13D831ec7: Failed to get ABI for contract 250000
2025-03-29 19:27:51,709 [ERROR] ❌ Error at block=0xd9440d100bc68213eec3833b6d8a35206a99be1d9c5a3fc9f0307ea2a96f4aa2 tx=0xdAC17F958D2ee523a2206206994597C13D831ec7: Failed to get ABI for contract 50719
2025-03-29 19:27:53,342 [ERROR] ❌ Error at block=0x491b2f7c46a07c2a9e8ec3d2632708de729f8250b30607785c7d1cb8a0f7ec76 tx=0xdAC17F958D2ee523a2206206994597C13D831ec7: Failed to get ABI for contract 50719
2025-03-29 19:27:54,887 [ERROR] ❌ Error at block=0x043ac4f50fbe698ebd2cafe7852e78cc86b7e1e60f32b25ad5fa1c5e1c0b71d0 tx=0xdAC17F958D2ee523a2206206994597C13D831ec7: Failed to get ABI for contract 69145
2025-03-29 19:27:56,452 [ERROR] ❌ Error at block=0x27f437dacb4056b6ae1e15ce6c088c835dd9689e8d01fca025b4c6874ba2803a tx=0xdAC17F958D2ee523a2206206994597C13D831ec7: Failed to get ABI for contract 65000
2025-03-29 19:27:58,006 [ERROR] ❌ Error at block=0x067868f0dd713a869a52c98d3dc29d9fd7cc72c1b1e6bbd4128409130ecca749 tx=0xdAC17F958D2ee523a2206206994597C13D831ec7: Failed to get ABI for contract 100000
2025-03-29 19:27:59,559 [ERROR] ❌ Error at block=0x6428f23ca0beccfd05e7e2aff9b1019e09697df0734ce51c73871109cb28f36d tx=0xdAC17F958D2ee523a2206206994597C13D831ec7: Failed to get ABI for contract 63197
2025-03-29 19:28:01,133 [ERROR] ❌ Error at block=0x65a55d43b3f27595c68a207be994cedb290a168966457f197a9ed07619f52157 tx=0xdAC17F958D2ee523a2206206994597C13D831ec7: Failed to get ABI for contract 100000
2025-03-29 19:28:02,681 [ERROR] ❌ Error at block=0x3941d1239ad8078039d12ac01acbf078a46bab19325be6dabdd8a4551ffbe7d0 tx=0xdAC17F958D2ee523a2206206994597C13D831ec7: Failed to get ABI for contract 50000
2025-03-29 19:28:04,241 [ERROR] ❌ Error at block=0xf3373a2c6ea41524234553c41aab45757208ab23f3833665eb90e9ac9d607633 tx=0xdAC17F958D2ee523a2206206994597C13D831ec7: Failed to get ABI for contract 90000
2025-03-29 19:28:05,941 [ERROR] ❌ Error at block=0x6234e0024fd4f74d8c471630f6af9e2de779300de1016fa5a690427f6cf261fe tx=0xdAC17F958D2ee523a2206206994597C13D831ec7: Failed to get ABI for contract 207128
2025-03-29 19:28:07,495 [ERROR] ❌ Error at block=0x05414503d8cac03ff4f13e725a32f2692d63d0f516ff47003f08d9c9fec9540a tx=0xdAC17F958D2ee523a2206206994597C13D831ec7: Failed to get ABI for contract 207128
2025-03-29 19:28:09,078 [ERROR] ❌ Error at block=0xe7761a82ab4ee8c8f175fb33cbe50a422c24c04db08b0a628fff1ea903fdc1c2 tx=0xdAC17F958D2ee523a2206206994597C13D831ec7: Failed to get ABI for contract 70000
2025-03-29 19:28:10,666 [ERROR] ❌ Error at block=0xd78d0ec2045de1b6192071acc53bfe2cfde8eb4905519afabd086f3623658163 tx=0xdAC17F958D2ee523a2206206994597C13D831ec7: Failed to get ABI for contract 180000
2025-03-29 19:28:12,239 [ERROR] ❌ Error at block=0xfa618d94787b2da85126d88b177b5a6281e5234eb1d26ef1f565dce4e172e7dd tx=0xdAC17F958D2ee523a2206206994597C13D831ec7: Failed to get ABI for contract 48837
2025-03-29 19:28:13,855 [ERROR] ❌ Error at block=0xd8aa02406d1c12c5c1e6682a7784fa3f60648c3cee17bc993d2f69b4dae9e7bb tx=0xdAC17F958D2ee523a2206206994597C13D831ec7: Failed to get ABI for contract 94813
2025-03-29 19:28:15,425 [ERROR] ❌ Error at block=0x07a5172426ccdc0b2356d2d8ce0e2eb0471b8a2196cd01971953ab8ffbfd2bfc tx=0xdAC17F958D2ee523a2206206994597C13D831ec7: Failed to get ABI for contract 88121
2025-03-29 19:31:19,391 [ERROR] ❌ Error at block=17000000 tx=16: not all arguments converted during string formatting
2025-03-29 19:31:19,391 [ERROR] Transaction details: to_address=0xdAC17F958D2ee523a2206206994597C13D831ec7
2025-03-29 19:31:19,392 [ERROR] ❌ Error at block=17000000 tx=43: not all arguments converted during string formatting
2025-03-29 19:31:19,392 [ERROR] Transaction details: to_address=0xdAC17F958D2ee523a2206206994597C13D831ec7
2025-03-29 19:31:19,393 [ERROR] ❌ Error at block=17000000 tx=45: not all arguments converted during string formatting
2025-03-29 19:31:19,393 [ERROR] Transaction details: to_address=0xdAC17F958D2ee523a2206206994597C13D831ec7
2025-03-29 19:31:19,394 [ERROR] ❌ Error at block=17000000 tx=48: not all arguments converted during string formatting
2025-03-29 19:31:19,394 [ERROR] Transaction details: to_address=0xdAC17F958D2ee523a2206206994597C13D831ec7
2025-03-29 19:31:19,394 [ERROR] ❌ Error at block=17000000 tx=93: not all arguments converted during string formatting
2025-03-29 19:31:19,394 [ERROR] Transaction details: to_address=0xdAC17F958D2ee523a2206206994597C13D831ec7
2025-03-29 19:31:19,395 [ERROR] ❌ Error at block=17000000 tx=95: not all arguments converted during string formatting
2025-03-29 19:31:19,395 [ERROR] Transaction details: to_address=0xdAC17F958D2ee523a2206206994597C13D831ec7
2025-03-29 19:31:19,396 [ERROR] ❌ Error at block=17000000 tx=98: not all arguments converted during string formatting
2025-03-29 19:31:19,396 [ERROR] Transaction details: to_address=0xdAC17F958D2ee523a2206206994597C13D831ec7
2025-03-29 19:31:19,396 [ERROR] ❌ Error at block=17000001 tx=3: not all arguments converted during string formatting
2025-03-29 19:31:19,396 [ERROR] Transaction details: to_address=0xdAC17F958D2ee523a2206206994597C13D831ec7
2025-03-29 19:31:19,397 [ERROR] ❌ Error at block=17000001 tx=5: not all arguments converted during string formatting
2025-03-29 19:31:19,397 [ERROR] Transaction details: to_address=0xdAC17F958D2ee523a2206206994597C13D831ec7
2025-03-29 19:31:19,398 [ERROR] ❌ Error at block=17000001 tx=11: not all arguments converted during string formatting
2025-03-29 19:31:19,398 [ERROR] Transaction details: to_address=0xdAC17F958D2ee523a2206206994597C13D831ec7
2025-03-29 19:31:19,398 [ERROR] ❌ Error at block=17000001 tx=21: not all arguments converted during string formatting
2025-03-29 19:31:19,398 [ERROR] Transaction details: to_address=0xdAC17F958D2ee523a2206206994597C13D831ec7
2025-03-29 19:31:19,399 [ERROR] ❌ Error at block=17000001 tx=23: not all arguments converted during string formatting
2025-03-29 19:31:19,399 [ERROR] Transaction details: to_address=0xdAC17F958D2ee523a2206206994597C13D831ec7
2025-03-29 19:31:19,399 [ERROR] ❌ Error at block=17000001 tx=26: not all arguments converted during string formatting
2025-03-29 19:31:19,399 [ERROR] Transaction details: to_address=0xdAC17F958D2ee523a2206206994597C13D831ec7
2025-03-29 19:31:19,400 [ERROR] ❌ Error at block=17000001 tx=30: not all arguments converted during string formatting
2025-03-29 19:31:19,400 [ERROR] Transaction details: to_address=0xdAC17F958D2ee523a2206206994597C13D831ec7
2025-03-29 19:31:19,401 [ERROR] ❌ Error at block=17000001 tx=40: not all arguments converted during string formatting
2025-03-29 19:31:19,401 [ERROR] Transaction details: to_address=0xdAC17F958D2ee523a2206206994597C13D831ec7
2025-03-29 19:31:19,401 [ERROR] ❌ Error at block=17000001 tx=55: not all arguments converted during string formatting
2025-03-29 19:31:19,401 [ERROR] Transaction details: to_address=0xdAC17F958D2ee523a2206206994597C13D831ec7
2025-03-29 19:31:19,402 [ERROR] ❌ Error at block=17000001 tx=80: not all arguments converted during string formatting
2025-03-29 19:31:19,403 [ERROR] Transaction details: to_address=0xdAC17F958D2ee523a2206206994597C13D831ec7
2025-03-29 19:31:19,404 [ERROR] ❌ Error at block=17000001 tx=108: not all arguments converted during string formatting
2025-03-29 19:31:19,404 [ERROR] Transaction details: to_address=0xdAC17F958D2ee523a2206206994597C13D831ec7
2025-03-29 19:35:03,101 [ERROR] ❌ Error at block=17000000 tx=16: not all arguments converted during string formatting
2025-03-29 19:35:03,101 [ERROR] Transaction details: to_address=0xdAC17F958D2ee523a2206206994597C13D831ec7
2025-03-29 19:35:03,102 [ERROR] ❌ Error at block=17000000 tx=43: not all arguments converted during string formatting
2025-03-29 19:35:03,102 [ERROR] Transaction details: to_address=0xdAC17F958D2ee523a2206206994597C13D831ec7
2025-03-29 19:35:03,103 [ERROR] ❌ Error at block=17000000 tx=45: not all arguments converted during string formatting
2025-03-29 19:35:03,103 [ERROR] Transaction details: to_address=0xdAC17F958D2ee523a2206206994597C13D831ec7
2025-03-29 19:35:03,103 [ERROR] ❌ Error at block=17000000 tx=48: not all arguments converted during string formatting
2025-03-29 19:35:03,103 [ERROR] Transaction details: to_address=0xdAC17F958D2ee523a2206206994597C13D831ec7
2025-03-29 19:35:03,104 [ERROR] ❌ Error at block=17000000 tx=93: not all arguments converted during string formatting
2025-03-29 19:35:03,104 [ERROR] Transaction details: to_address=0xdAC17F958D2ee523a2206206994597C13D831ec7
2025-03-29 19:35:03,105 [ERROR] ❌ Error at block=17000000 tx=95: not all arguments converted during string formatting
2025-03-29 19:35:03,105 [ERROR] Transaction details: to_address=0xdAC17F958D2ee523a2206206994597C13D831ec7
2025-03-29 19:35:03,105 [ERROR] ❌ Error at block=17000000 tx=98: not all arguments converted during string formatting
2025-03-29 19:35:03,105 [ERROR] Transaction details: to_address=0xdAC17F958D2ee523a2206206994597C13D831ec7
2025-03-29 19:35:03,106 [ERROR] ❌ Error at block=17000001 tx=3: not all arguments converted during string formatting
2025-03-29 19:35:03,106 [ERROR] Transaction details: to_address=0xdAC17F958D2ee523a2206206994597C13D831ec7
2025-03-29 19:35:03,106 [ERROR] ❌ Error at block=17000001 tx=5: not all arguments converted during string formatting
2025-03-29 19:35:03,107 [ERROR] Transaction details: to_address=0xdAC17F958D2ee523a2206206994597C13D831ec7
2025-03-29 19:35:03,107 [ERROR] ❌ Error at block=17000001 tx=11: not all arguments converted during string formatting
2025-03-29 19:35:03,107 [ERROR] Transaction details: to_address=0xdAC17F958D2ee523a2206206994597C13D831ec7
2025-03-29 19:35:03,108 [ERROR] ❌ Error at block=17000001 tx=21: not all arguments converted during string formatting
2025-03-29 19:35:03,108 [ERROR] Transaction details: to_address=0xdAC17F958D2ee523a2206206994597C13D831ec7
2025-03-29 19:35:03,109 [ERROR] ❌ Error at block=17000001 tx=23: not all arguments converted during string formatting
2025-03-29 19:35:03,109 [ERROR] Transaction details: to_address=0xdAC17F958D2ee523a2206206994597C13D831ec7
2025-03-29 19:35:03,110 [ERROR] ❌ Error at block=17000001 tx=26: not all arguments converted during string formatting
2025-03-29 19:35:03,110 [ERROR] Transaction details: to_address=0xdAC17F958D2ee523a2206206994597C13D831ec7
2025-03-29 19:35:03,110 [ERROR] ❌ Error at block=17000001 tx=30: not all arguments converted during string formatting
2025-03-29 19:35:03,110 [ERROR] Transaction details: to_address=0xdAC17F958D2ee523a2206206994597C13D831ec7
2025-03-29 19:35:03,111 [ERROR] ❌ Error at block=17000001 tx=40: not all arguments converted during string formatting
2025-03-29 19:35:03,111 [ERROR] Transaction details: to_address=0xdAC17F958D2ee523a2206206994597C13D831ec7
2025-03-29 19:35:03,112 [ERROR] ❌ Error at block=17000001 tx=55: not all arguments converted during string formatting
2025-03-29 19:35:03,112 [ERROR] Transaction details: to_address=0xdAC17F958D2ee523a2206206994597C13D831ec7
2025-03-29 19:35:03,113 [ERROR] ❌ Error at block=17000001 tx=80: not all arguments converted during string formatting
2025-03-29 19:35:03,113 [ERROR] Transaction details: to_address=0xdAC17F958D2ee523a2206206994597C13D831ec7
2025-03-29 19:35:03,113 [ERROR] ❌ Error at block=17000001 tx=108: not all arguments converted during string formatting
2025-03-29 19:35:03,113 [ERROR] Transaction details: to_address=0xdAC17F958D2ee523a2206206994597C13D831ec7
2025-03-29 19:40:25,839 [ERROR] ❌ Error processing transaction at block=17000000 tx=16: duplicate key value violates unique constraint "eth_transaction_details_pkey"
DETAIL:  Key (block_number, transaction_index)=(17000000, 16) already exists.

2025-03-29 19:40:25,847 [ERROR] ❌ Error processing transaction at block=17000000 tx=43: current transaction is aborted, commands ignored until end of transaction block

2025-03-29 19:40:25,856 [ERROR] ❌ Error processing transaction at block=17000000 tx=45: current transaction is aborted, commands ignored until end of transaction block

2025-03-29 19:40:25,863 [ERROR] ❌ Error processing transaction at block=17000000 tx=48: current transaction is aborted, commands ignored until end of transaction block

2025-03-29 19:40:25,870 [ERROR] ❌ Error processing transaction at block=17000000 tx=93: current transaction is aborted, commands ignored until end of transaction block

2025-03-29 19:40:25,879 [ERROR] ❌ Error processing transaction at block=17000000 tx=95: current transaction is aborted, commands ignored until end of transaction block

2025-03-29 19:40:25,885 [ERROR] ❌ Error processing transaction at block=17000000 tx=98: current transaction is aborted, commands ignored until end of transaction block

2025-03-29 19:40:25,893 [ERROR] ❌ Error processing transaction at block=17000001 tx=3: current transaction is aborted, commands ignored until end of transaction block

2025-03-29 19:40:25,900 [ERROR] ❌ Error processing transaction at block=17000001 tx=5: current transaction is aborted, commands ignored until end of transaction block

2025-03-29 19:40:25,908 [ERROR] ❌ Error processing transaction at block=17000001 tx=11: current transaction is aborted, commands ignored until end of transaction block

2025-03-29 19:40:25,916 [ERROR] ❌ Error processing transaction at block=17000001 tx=21: current transaction is aborted, commands ignored until end of transaction block

2025-03-29 19:40:25,923 [ERROR] ❌ Error processing transaction at block=17000001 tx=23: current transaction is aborted, commands ignored until end of transaction block

2025-03-29 19:40:25,931 [ERROR] ❌ Error processing transaction at block=17000001 tx=26: current transaction is aborted, commands ignored until end of transaction block

2025-03-29 19:40:25,938 [ERROR] ❌ Error processing transaction at block=17000001 tx=30: current transaction is aborted, commands ignored until end of transaction block

2025-03-29 19:40:25,946 [ERROR] ❌ Error processing transaction at block=17000001 tx=40: current transaction is aborted, commands ignored until end of transaction block

2025-03-29 19:40:25,954 [ERROR] ❌ Error processing transaction at block=17000001 tx=55: current transaction is aborted, commands ignored until end of transaction block

2025-03-29 19:40:25,960 [ERROR] ❌ Error processing transaction at block=17000001 tx=80: current transaction is aborted, commands ignored until end of transaction block

2025-03-29 19:40:25,967 [ERROR] ❌ Error processing transaction at block=17000001 tx=108: current transaction is aborted, commands ignored until end of transaction block

2025-03-29 19:43:08,298 [ERROR] ❌ Error processing transaction at block=17000000 tx=16: duplicate key value violates unique constraint "eth_transaction_details_pkey"
DETAIL:  Key (block_number, transaction_index)=(17000000, 16) already exists.

2025-03-29 19:43:08,307 [ERROR] ❌ Error processing transaction at block=17000000 tx=43: current transaction is aborted, commands ignored until end of transaction block

2025-03-29 19:43:08,314 [ERROR] ❌ Error processing transaction at block=17000000 tx=45: current transaction is aborted, commands ignored until end of transaction block

2025-03-29 19:43:08,325 [ERROR] ❌ Error processing transaction at block=17000000 tx=48: current transaction is aborted, commands ignored until end of transaction block

2025-03-29 19:43:08,339 [ERROR] ❌ Error processing transaction at block=17000000 tx=93: current transaction is aborted, commands ignored until end of transaction block

2025-03-29 19:43:08,363 [ERROR] ❌ Error processing transaction at block=17000000 tx=95: current transaction is aborted, commands ignored until end of transaction block

2025-03-29 19:43:08,379 [ERROR] ❌ Error processing transaction at block=17000000 tx=98: current transaction is aborted, commands ignored until end of transaction block

2025-03-29 19:43:08,389 [ERROR] ❌ Error processing transaction at block=17000001 tx=3: current transaction is aborted, commands ignored until end of transaction block

2025-03-29 19:43:08,398 [ERROR] ❌ Error processing transaction at block=17000001 tx=5: current transaction is aborted, commands ignored until end of transaction block

2025-03-29 19:43:08,405 [ERROR] ❌ Error processing transaction at block=17000001 tx=11: current transaction is aborted, commands ignored until end of transaction block

2025-03-29 19:43:08,412 [ERROR] ❌ Error processing transaction at block=17000001 tx=21: current transaction is aborted, commands ignored until end of transaction block

2025-03-29 19:43:08,421 [ERROR] ❌ Error processing transaction at block=17000001 tx=23: current transaction is aborted, commands ignored until end of transaction block

2025-03-29 19:43:08,453 [ERROR] ❌ Error processing transaction at block=17000001 tx=26: current transaction is aborted, commands ignored until end of transaction block

2025-03-29 19:43:08,503 [ERROR] ❌ Error processing transaction at block=17000001 tx=30: current transaction is aborted, commands ignored until end of transaction block

2025-03-29 19:43:08,542 [ERROR] ❌ Error processing transaction at block=17000001 tx=40: current transaction is aborted, commands ignored until end of transaction block

2025-03-29 19:43:08,554 [ERROR] ❌ Error processing transaction at block=17000001 tx=55: current transaction is aborted, commands ignored until end of transaction block

2025-03-29 19:43:08,570 [ERROR] ❌ Error processing transaction at block=17000001 tx=80: current transaction is aborted, commands ignored until end of transaction block

2025-03-29 19:43:08,578 [ERROR] ❌ Error processing transaction at block=17000001 tx=108: current transaction is aborted, commands ignored until end of transaction block

2025-03-29 19:48:33,494 [ERROR] ❌ Error processing transaction at block=17000000 tx=16: duplicate key value violates unique constraint "eth_transaction_details_pkey"
DETAIL:  Key (block_number, transaction_index)=(17000000, 16) already exists.

2025-03-29 19:48:33,502 [ERROR] ❌ Error processing transaction at block=17000000 tx=43: current transaction is aborted, commands ignored until end of transaction block

2025-03-29 19:48:33,510 [ERROR] ❌ Error processing transaction at block=17000000 tx=45: current transaction is aborted, commands ignored until end of transaction block

2025-03-29 19:48:33,517 [ERROR] ❌ Error processing transaction at block=17000000 tx=48: current transaction is aborted, commands ignored until end of transaction block

2025-03-29 19:48:33,523 [ERROR] ❌ Error processing transaction at block=17000000 tx=93: current transaction is aborted, commands ignored until end of transaction block

2025-03-29 19:48:33,530 [ERROR] ❌ Error processing transaction at block=17000000 tx=95: current transaction is aborted, commands ignored until end of transaction block

2025-03-29 19:48:33,538 [ERROR] ❌ Error processing transaction at block=17000000 tx=98: current transaction is aborted, commands ignored until end of transaction block

2025-03-29 19:48:33,547 [ERROR] ❌ Error processing transaction at block=17000001 tx=3: current transaction is aborted, commands ignored until end of transaction block

2025-03-29 19:48:33,554 [ERROR] ❌ Error processing transaction at block=17000001 tx=5: current transaction is aborted, commands ignored until end of transaction block

2025-03-29 19:48:33,562 [ERROR] ❌ Error processing transaction at block=17000001 tx=11: current transaction is aborted, commands ignored until end of transaction block

2025-03-29 19:48:33,570 [ERROR] ❌ Error processing transaction at block=17000001 tx=21: current transaction is aborted, commands ignored until end of transaction block

2025-03-29 19:48:33,580 [ERROR] ❌ Error processing transaction at block=17000001 tx=23: current transaction is aborted, commands ignored until end of transaction block

2025-03-29 19:48:33,587 [ERROR] ❌ Error processing transaction at block=17000001 tx=26: current transaction is aborted, commands ignored until end of transaction block

2025-03-29 19:48:33,596 [ERROR] ❌ Error processing transaction at block=17000001 tx=30: current transaction is aborted, commands ignored until end of transaction block

2025-03-29 19:48:33,604 [ERROR] ❌ Error processing transaction at block=17000001 tx=40: current transaction is aborted, commands ignored until end of transaction block

2025-03-29 19:48:33,612 [ERROR] ❌ Error processing transaction at block=17000001 tx=55: current transaction is aborted, commands ignored until end of transaction block

2025-03-29 19:48:33,619 [ERROR] ❌ Error processing transaction at block=17000001 tx=80: current transaction is aborted, commands ignored until end of transaction block

2025-03-29 19:48:33,626 [ERROR] ❌ Error processing transaction at block=17000001 tx=108: current transaction is aborted, commands ignored until end of transaction block

2025-03-29 19:50:43,600 [ERROR] ❌ Error processing transaction at block=17000000 tx=16: duplicate key value violates unique constraint "eth_transaction_details_pkey"
DETAIL:  Key (block_number, transaction_index)=(17000000, 16) already exists.

2025-03-29 19:50:43,607 [ERROR] ❌ Error processing transaction at block=17000000 tx=43: current transaction is aborted, commands ignored until end of transaction block

2025-03-29 19:50:43,629 [ERROR] ❌ Error processing transaction at block=17000000 tx=45: current transaction is aborted, commands ignored until end of transaction block

2025-03-29 19:50:43,637 [ERROR] ❌ Error processing transaction at block=17000000 tx=48: current transaction is aborted, commands ignored until end of transaction block

2025-03-29 19:50:43,659 [ERROR] ❌ Error processing transaction at block=17000000 tx=93: current transaction is aborted, commands ignored until end of transaction block

2025-03-29 19:50:43,666 [ERROR] ❌ Error processing transaction at block=17000000 tx=95: current transaction is aborted, commands ignored until end of transaction block

2025-03-29 19:50:43,678 [ERROR] ❌ Error processing transaction at block=17000000 tx=98: current transaction is aborted, commands ignored until end of transaction block

2025-03-29 19:50:43,692 [ERROR] ❌ Error processing transaction at block=17000001 tx=3: current transaction is aborted, commands ignored until end of transaction block

2025-03-29 19:50:43,700 [ERROR] ❌ Error processing transaction at block=17000001 tx=5: current transaction is aborted, commands ignored until end of transaction block

2025-03-29 19:50:43,715 [ERROR] ❌ Error processing transaction at block=17000001 tx=11: current transaction is aborted, commands ignored until end of transaction block

2025-03-29 19:50:43,724 [ERROR] ❌ Error processing transaction at block=17000001 tx=21: current transaction is aborted, commands ignored until end of transaction block

2025-03-29 19:50:43,740 [ERROR] ❌ Error processing transaction at block=17000001 tx=23: current transaction is aborted, commands ignored until end of transaction block

2025-03-29 19:50:43,753 [ERROR] ❌ Error processing transaction at block=17000001 tx=26: current transaction is aborted, commands ignored until end of transaction block

2025-03-29 19:50:43,768 [ERROR] ❌ Error processing transaction at block=17000001 tx=30: current transaction is aborted, commands ignored until end of transaction block

2025-03-29 19:50:43,780 [ERROR] ❌ Error processing transaction at block=17000001 tx=40: current transaction is aborted, commands ignored until end of transaction block

2025-03-29 19:50:43,787 [ERROR] ❌ Error processing transaction at block=17000001 tx=55: current transaction is aborted, commands ignored until end of transaction block

2025-03-29 19:50:43,798 [ERROR] ❌ Error processing transaction at block=17000001 tx=80: current transaction is aborted, commands ignored until end of transaction block

2025-03-29 19:50:43,807 [ERROR] ❌ Error processing transaction at block=17000001 tx=108: current transaction is aborted, commands ignored until end of transaction block

2025-03-29 19:52:34,289 [ERROR] ❌ Error processing transaction at block=17000000 tx=16: duplicate key value violates unique constraint "eth_transaction_details_pkey"
DETAIL:  Key (block_number, transaction_index)=(17000000, 16) already exists.

2025-03-29 19:52:34,296 [ERROR] ❌ Error processing transaction at block=17000000 tx=43: current transaction is aborted, commands ignored until end of transaction block

2025-03-29 19:52:34,303 [ERROR] ❌ Error processing transaction at block=17000000 tx=45: current transaction is aborted, commands ignored until end of transaction block

2025-03-29 19:52:34,311 [ERROR] ❌ Error processing transaction at block=17000000 tx=48: current transaction is aborted, commands ignored until end of transaction block

2025-03-29 19:52:34,317 [ERROR] ❌ Error processing transaction at block=17000000 tx=93: current transaction is aborted, commands ignored until end of transaction block

2025-03-29 19:52:34,324 [ERROR] ❌ Error processing transaction at block=17000000 tx=95: current transaction is aborted, commands ignored until end of transaction block

2025-03-29 19:52:34,331 [ERROR] ❌ Error processing transaction at block=17000000 tx=98: current transaction is aborted, commands ignored until end of transaction block

2025-03-29 19:52:34,339 [ERROR] ❌ Error processing transaction at block=17000001 tx=3: current transaction is aborted, commands ignored until end of transaction block

2025-03-29 19:52:34,347 [ERROR] ❌ Error processing transaction at block=17000001 tx=5: current transaction is aborted, commands ignored until end of transaction block

2025-03-29 19:52:34,354 [ERROR] ❌ Error processing transaction at block=17000001 tx=11: current transaction is aborted, commands ignored until end of transaction block

2025-03-29 19:52:34,361 [ERROR] ❌ Error processing transaction at block=17000001 tx=21: current transaction is aborted, commands ignored until end of transaction block

2025-03-29 19:52:34,368 [ERROR] ❌ Error processing transaction at block=17000001 tx=23: current transaction is aborted, commands ignored until end of transaction block

2025-03-29 19:52:34,376 [ERROR] ❌ Error processing transaction at block=17000001 tx=26: current transaction is aborted, commands ignored until end of transaction block

2025-03-29 19:52:34,383 [ERROR] ❌ Error processing transaction at block=17000001 tx=30: current transaction is aborted, commands ignored until end of transaction block

2025-03-29 19:52:34,390 [ERROR] ❌ Error processing transaction at block=17000001 tx=40: current transaction is aborted, commands ignored until end of transaction block

2025-03-29 19:52:34,397 [ERROR] ❌ Error processing transaction at block=17000001 tx=55: current transaction is aborted, commands ignored until end of transaction block

2025-03-29 19:52:34,402 [ERROR] ❌ Error processing transaction at block=17000001 tx=80: current transaction is aborted, commands ignored until end of transaction block

2025-03-29 19:52:34,410 [ERROR] ❌ Error processing transaction at block=17000001 tx=108: current transaction is aborted, commands ignored until end of transaction block

2025-03-29 19:55:50,242 [ERROR] ❌ Error processing transaction at block=17000000 tx=16: duplicate key value violates unique constraint "eth_transaction_details_pkey"
DETAIL:  Key (block_number, transaction_index)=(17000000, 16) already exists.

2025-03-29 19:55:50,259 [ERROR] ❌ Error processing transaction at block=17000000 tx=43: current transaction is aborted, commands ignored until end of transaction block

2025-03-29 19:55:50,268 [ERROR] ❌ Error processing transaction at block=17000000 tx=45: current transaction is aborted, commands ignored until end of transaction block

2025-03-29 19:55:50,274 [ERROR] ❌ Error processing transaction at block=17000000 tx=48: current transaction is aborted, commands ignored until end of transaction block

2025-03-29 19:55:50,281 [ERROR] ❌ Error processing transaction at block=17000000 tx=93: current transaction is aborted, commands ignored until end of transaction block

2025-03-29 19:55:50,289 [ERROR] ❌ Error processing transaction at block=17000000 tx=95: current transaction is aborted, commands ignored until end of transaction block

2025-03-29 19:55:50,296 [ERROR] ❌ Error processing transaction at block=17000000 tx=98: current transaction is aborted, commands ignored until end of transaction block

2025-03-29 19:55:50,303 [ERROR] ❌ Error processing transaction at block=17000001 tx=3: current transaction is aborted, commands ignored until end of transaction block

2025-03-29 19:55:50,319 [ERROR] ❌ Error processing transaction at block=17000001 tx=5: current transaction is aborted, commands ignored until end of transaction block

2025-03-29 19:55:50,327 [ERROR] ❌ Error processing transaction at block=17000001 tx=11: current transaction is aborted, commands ignored until end of transaction block

2025-03-29 19:55:50,333 [ERROR] ❌ Error processing transaction at block=17000001 tx=21: current transaction is aborted, commands ignored until end of transaction block

2025-03-29 19:55:50,347 [ERROR] ❌ Error processing transaction at block=17000001 tx=23: current transaction is aborted, commands ignored until end of transaction block

2025-03-29 19:55:50,355 [ERROR] ❌ Error processing transaction at block=17000001 tx=26: current transaction is aborted, commands ignored until end of transaction block

2025-03-29 19:55:50,362 [ERROR] ❌ Error processing transaction at block=17000001 tx=30: current transaction is aborted, commands ignored until end of transaction block

2025-03-29 19:55:50,375 [ERROR] ❌ Error processing transaction at block=17000001 tx=40: current transaction is aborted, commands ignored until end of transaction block

2025-03-29 19:55:50,383 [ERROR] ❌ Error processing transaction at block=17000001 tx=55: current transaction is aborted, commands ignored until end of transaction block

2025-03-29 19:55:50,390 [ERROR] ❌ Error processing transaction at block=17000001 tx=80: current transaction is aborted, commands ignored until end of transaction block

2025-03-29 19:55:50,399 [ERROR] ❌ Error processing transaction at block=17000001 tx=108: current transaction is aborted, commands ignored until end of transaction block

2025-03-29 19:57:20,000 [ERROR] ❌ Error processing transaction at block=17000000 tx=16: duplicate key value violates unique constraint "eth_transaction_details_pkey"
DETAIL:  Key (block_number, transaction_index)=(17000000, 16) already exists.

2025-03-29 19:57:20,008 [ERROR] ❌ Error processing transaction at block=17000000 tx=43: current transaction is aborted, commands ignored until end of transaction block

2025-03-29 19:57:20,015 [ERROR] ❌ Error processing transaction at block=17000000 tx=45: current transaction is aborted, commands ignored until end of transaction block

2025-03-29 19:57:20,035 [ERROR] ❌ Error processing transaction at block=17000000 tx=48: current transaction is aborted, commands ignored until end of transaction block

2025-03-29 19:57:20,049 [ERROR] ❌ Error processing transaction at block=17000000 tx=93: current transaction is aborted, commands ignored until end of transaction block

2025-03-29 19:57:20,064 [ERROR] ❌ Error processing transaction at block=17000000 tx=95: current transaction is aborted, commands ignored until end of transaction block

2025-03-29 19:57:20,070 [ERROR] ❌ Error processing transaction at block=17000000 tx=98: current transaction is aborted, commands ignored until end of transaction block

2025-03-29 19:57:20,078 [ERROR] ❌ Error processing transaction at block=17000001 tx=3: current transaction is aborted, commands ignored until end of transaction block

2025-03-29 19:57:20,094 [ERROR] ❌ Error processing transaction at block=17000001 tx=5: current transaction is aborted, commands ignored until end of transaction block

2025-03-29 19:57:20,100 [ERROR] ❌ Error processing transaction at block=17000001 tx=11: current transaction is aborted, commands ignored until end of transaction block

2025-03-29 19:57:20,109 [ERROR] ❌ Error processing transaction at block=17000001 tx=21: current transaction is aborted, commands ignored until end of transaction block

2025-03-29 19:57:20,116 [ERROR] ❌ Error processing transaction at block=17000001 tx=23: current transaction is aborted, commands ignored until end of transaction block

2025-03-29 19:57:20,127 [ERROR] ❌ Error processing transaction at block=17000001 tx=26: current transaction is aborted, commands ignored until end of transaction block

2025-03-29 19:57:20,134 [ERROR] ❌ Error processing transaction at block=17000001 tx=30: current transaction is aborted, commands ignored until end of transaction block

2025-03-29 19:57:20,140 [ERROR] ❌ Error processing transaction at block=17000001 tx=40: current transaction is aborted, commands ignored until end of transaction block

2025-03-29 19:57:20,150 [ERROR] ❌ Error processing transaction at block=17000001 tx=55: current transaction is aborted, commands ignored until end of transaction block

2025-03-29 19:57:20,159 [ERROR] ❌ Error processing transaction at block=17000001 tx=80: current transaction is aborted, commands ignored until end of transaction block

2025-03-29 19:57:20,166 [ERROR] ❌ Error processing transaction at block=17000001 tx=108: current transaction is aborted, commands ignored until end of transaction block

